0 info it worked if it ends with ok
1 verbose cli [ 'C:\\Program Files\\nodejs\\node.exe',
1 verbose cli   'C:\\Users\\prasadnarwadkar\\AppData\\Roaming\\npm\\node_modules\\npm\\bin\\npm-cli.js',
1 verbose cli   'start' ]
2 info using npm@3.10.3
3 info using node@v10.14.1
4 verbose run-script [ 'prestart', 'start', 'poststart' ]
5 info lifecycle app-service-nodejs-angheroeswebapi@0.0.1~prestart: app-service-nodejs-angheroeswebapi@0.0.1
6 silly lifecycle app-service-nodejs-angheroeswebapi@0.0.1~prestart: no script for prestart, continuing
7 info lifecycle app-service-nodejs-angheroeswebapi@0.0.1~start: app-service-nodejs-angheroeswebapi@0.0.1
8 verbose lifecycle app-service-nodejs-angheroeswebapi@0.0.1~start: unsafe-perm in lifecycle true
9 verbose lifecycle app-service-nodejs-angheroeswebapi@0.0.1~start: PATH: C:\Users\prasadnarwadkar\AppData\Roaming\npm\node_modules\npm\bin\node-gyp-bin;C:\Work\Samples\Node.js\MongoDbWebAPI\mongodbnodejswebapi\node_modules\.bin;C:\Program Files\nodejs;C:\Program Files (x86)\iis express\PHP\v5.6;C:\ProgramData\Oracle\Java\javapath;C:\Program Files (x86)\Intel\iCLS Client\;C:\Program Files\Intel\iCLS Client\;C:\WINDOWS\system32;C:\WINDOWS;C:\WINDOWS\System32\Wbem;C:\WINDOWS\System32\WindowsPowerShell\v1.0\;C:\Program Files (x86)\Intel\Intel(R) Management Engine Components\DAL;C:\Program Files\Intel\Intel(R) Management Engine Components\DAL;C:\Program Files (x86)\Intel\Intel(R) Management Engine Components\IPT;C:\Program Files\Intel\Intel(R) Management Engine Components\IPT;C:\Users\prasadnarwadkar\.dnx\bin;C:\Program Files\Microsoft DNX\Dnvm\;C:\Program Files\Microsoft SQL Server\130\Tools\Binn\;C:\Program Files\Microsoft SQL Server\120\Tools\Binn\;C:\Program Files\Microsoft SQL Server\Client SDK\ODBC\110\Tools\Binn\;C:\Program Files (x86)\Microsoft SQL Server\120\Tools\Binn\;C:\Program Files\Microsoft SQL Server\120\DTS\Binn\;C:\Program Files (x86)\Microsoft SQL Server\120\Tools\Binn\ManagementStudio\;C:\Program Files (x86)\Microsoft SQL Server\120\DTS\Binn;C:\Program Files\CMake\bin;C:\Program Files\TortoiseSVN\bin;C:\Users\prasadnarwadkar\AppData\Local\GitHub\PortableGit_25d850739bc178b2eb13c3e2a9faafea2f9143c0\cmd;C:\WINDOWS\system32;C:\WINDOWS;C:\WINDOWS\System32\Wbem;C:\WINDOWS\System32\WindowsPowerShell\v1.0\;C:\ProgramData\chocolatey\bin;c:\Program Files (x86)\Microsoft SQL Server\120\DTS\Binn\;C:\Program Files (x86)\Windows Kits\10\Windows Performance Toolkit\;C:\Program Files (x86)\GNU\GnuPG\pub;C:\Users\prasadnarwadkar\AppData\Local\GitHub\PortableGit_d7effa1a4a322478cd29c826b52a0c118ad3db11\cmd;C:\Program Files (x86)\WinMerge\winmergeu.exe;C:\Program Files (x86)\WinMerge\;C:\Program Files\cURL\bin;C:\Program Files\MongoDB\Server\3.6\bin;C:\Users\prasadnarwadkar\AppData\Roaming\nvm;C:\Program Files\nodejs;C:\Program Files\Git\cmd;C:\WINDOWS\System32\OpenSSH\;C:\Program Files\nodejs\;C:\Program Files\dotnet\;C:\Program Files (x86)\Microsoft VS Code\bin;C:\Ruby25-x64\bin;C:\Users\prasadnarwadkar\AppData\Local\Programs\Python\Python35-32\Scripts\;C:\Users\prasadnarwadkar\AppData\Local\Programs\Python\Python35-32\;C:\Program Files (x86)\Microsoft VS Code\bin;C:\Users\prasadnarwadkar\AppData\Local\Microsoft\WindowsApps;C:\Program Files (x86)\WinMerge\winmergeu.exe;C:\Program Files (x86)\WinMerge\;C:\Users\prasadnarwadkar\AppData\Roaming\nvm;C:\Program Files\nodejs;C:\Users\prasadnarwadkar\AppData\Local\Programs\Fiddler;C:\Program Files (x86)\Microsoft SDKs\Azure\AzCopy;;C:\Users\prasadnarwadkar\AppData\Local\Microsoft\WindowsApps;C:\Users\prasadnarwadkar\AppData\Roaming\npm
10 verbose lifecycle app-service-nodejs-angheroeswebapi@0.0.1~start: CWD: C:\Work\Samples\Node.js\MongoDbWebAPI\mongodbnodejswebapi
11 silly lifecycle app-service-nodejs-angheroeswebapi@0.0.1~start: Args: [ '/d /s /c', 'node app.js' ]
12 verbose stack Error: kill ENOSYS
12 verbose stack     at process.kill (internal/process/per_thread.js:198:13)
12 verbose stack     at process.listener (C:\Users\prasadnarwadkar\AppData\Roaming\npm\node_modules\npm\node_modules\npmlog\node_modules\gauge\node_modules\signal-exit\index.js:86:15)
12 verbose stack     at process.emit (events.js:182:13)
13 verbose cwd C:\Work\Samples\Node.js\MongoDbWebAPI\mongodbnodejswebapi
14 error Windows_NT 10.0.17134
15 error argv "C:\\Program Files\\nodejs\\node.exe" "C:\\Users\\prasadnarwadkar\\AppData\\Roaming\\npm\\node_modules\\npm\\bin\\npm-cli.js" "start"
16 error node v10.14.1
17 error npm  v3.10.3
18 error code ENOSYS
19 error errno ENOSYS
20 error syscall kill
21 error kill ENOSYS
22 error If you need help, you may report this error at:
22 error     <https://github.com/npm/npm/issues>
23 verbose exit [ 1, true ]
